HandWriteInput/build/outputs/logs/manifest-merger-debug-report.txt
-- Merging decision tree log ---
manifest
ADDED from src/main/AndroidManifest.xml:2:1-45:12
INJECTED from src/main/AndroidManifest.xml:2:1-45:12
INJECTED from src/main/AndroidManifest.xml:2:1-45:12
INJECTED from src/main/AndroidManifest.xml:2:1-45:12
INJECTED from src/main/AndroidManifest.xml:2:1-45:12
INJECTED from src/main/AndroidManifest.xml:2:1-45:12
INJECTED from src/main/AndroidManifest.xml:2:1-45:12
	package
		ADDED from src/main/AndroidManifest.xml:3:5-39
		INJECTED from src/main/AndroidManifest.xml
		INJECTED from src/main/AndroidManifest.xml
	android:versionName
		ADDED from src/main/AndroidManifest.xml:5:5-31
		INJECTED from src/main/AndroidManifest.xml
		INJECTED from src/main/AndroidManifest.xml
	xmlns:android
		ADDED from src/main/AndroidManifest.xml:2:11-69
	android:versionCode
		ADDED from src/main/AndroidManifest.xml:4:5-30
		INJECTED from src/main/AndroidManifest.xml
		INJECTED from src/main/AndroidManifest.xml
uses-sdk
ADDED from src/main/AndroidManifest.xml:7:5-9:41
INJECTED from src/main/AndroidManifest.xml:7:5-9:41
INJECTED from src/main/AndroidManifest.xml:7:5-9:41
INJECTED from src/main/AndroidManifest.xml:7:5-9:41
INJECTED from src/main/AndroidManifest.xml:7:5-9:41
	android:targetSdkVersion
		ADDED from src/main/AndroidManifest.xml:9:9-38
		INJECTED from src/main/AndroidManifest.xml
		INJECTED from src/main/AndroidManifest.xml
	android:minSdkVersion
		ADDED from src/main/AndroidManifest.xml:8:9-34
		INJECTED from src/main/AndroidManifest.xml
		INJECTED from src/main/AndroidManifest.xml
application
ADDED from src/main/AndroidManifest.xml:11:5-43:19
	android:icon
		ADDED from src/main/AndroidManifest.xml:13:9-45
	android:allowBackup
		ADDED from src/main/AndroidManifest.xml:12:9-35
	android:theme
		ADDED from src/main/AndroidManifest.xml:14:9-40
activity#com.example.softwaretest.InputViewActivity
ADDED from src/main/AndroidManifest.xml:15:9-20:20
	android:label
		ADDED from src/main/AndroidManifest.xml:17:13-35
	android:theme
		ADDED from src/main/AndroidManifest.xml:18:13-49
	android:name
		ADDED from src/main/AndroidManifest.xml:16:13-70
activity#com.example.softwaretest.MainActivity
ADDED from src/main/AndroidManifest.xml:21:9-22:20
	android:name
		ADDED from src/main/AndroidManifest.xml:21:19-71
service#com.googlecode.openwnn.legacy.OpenWnnZHCN
ADDED from src/main/AndroidManifest.xml:24:9-36:19
	android:label
		ADDED from src/main/AndroidManifest.xml:27:13-30
	android:id
		ADDED from src/main/AndroidManifest.xml:25:13-46
	android:permission
		ADDED from src/main/AndroidManifest.xml:28:13-70
	android:name
		ADDED from src/main/AndroidManifest.xml:26:13-69
intent-filter#android.view.InputMethod
ADDED from src/main/AndroidManifest.xml:29:13-31:29
action#android.view.InputMethod
ADDED from src/main/AndroidManifest.xml:30:17-67
	android:name
		ADDED from src/main/AndroidManifest.xml:30:25-64
meta-data#android.view.im
ADDED from src/main/AndroidManifest.xml:33:13-35:55
	android:resource
		ADDED from src/main/AndroidManifest.xml:35:17-52
	android:name
		ADDED from src/main/AndroidManifest.xml:34:17-47
activity#com.googlecode.openwnn.legacy.ZH.CN.UserDictionaryToolsListZHCN
ADDED from src/main/AndroidManifest.xml:39:9-100
	android:name
		ADDED from src/main/AndroidManifest.xml:39:19-97
activity#com.googlecode.openwnn.legacy.ZH.CN.UserDictionaryToolsEditZHCN
ADDED from src/main/AndroidManifest.xml:40:9-42:36
	android:label
		ADDED from src/main/AndroidManifest.xml:42:13-33
	android:name
		ADDED from src/main/AndroidManifest.xml:41:13-91